#
# A fatal error has been detected by the Java Runtime Environment:
#
#  Internal Error (generateOopMap.cpp:2164), pid=11436, tid=14196
#  fatal error: Illegal class file encountered. Try running with -Xverify:all in method around
#
# JRE version: OpenJDK Runtime Environment (16.0.2+7) (build 16.0.2+7-67)
# Java VM: OpenJDK 64-Bit Server VM (16.0.2+7-67, mixed mode, tiered, compressed oops, compressed class ptrs, g1 gc, windows-amd64)
# No core dump will be written. Minidumps are not enabled by default on client versions of Windows
#
# If you would like to submit a bug report, please visit:
#   https://bugreport.java.com/bugreport/crash.jsp
#

---------------  S U M M A R Y ------------

Command Line: -XX:+ShowCodeDetailsInExceptionMessages -agentlib:jdwp=transport=dt_socket,suspend=y,address=localhost:62874 -Dcom.sun.management.jmxremote -Dcom.sun.management.jmxremote.port=62873 -Dcom.sun.management.jmxremote.authenticate=false -Dcom.sun.management.jmxremote.ssl=false -Djava.rmi.server.hostname=localhost -Dspring.jmx.enabled=true -Dspring.application.admin.enabled=true -XX:TieredStopAtLevel=1 -Dspring.boot.project.name=customerService -javaagent:D:\Softwares\sts-4.12.0.RELEASE\configuration\org.eclipse.osgi\259\0\.cp\lib\javaagent-shaded.jar -Dfile.encoding=Cp1252 com.itl.CSSpringBoot --spring.output.ansi.enabled=always

Host: Intel(R) Core(TM) i5-4570 CPU @ 3.20GHz, 4 cores, 7G,  Windows 10 , 64 bit Build 18362 (10.0.18362.1110)
Time: Fri Jun 17 11:48:39 2022 India Standard Time elapsed time: 183.448723 seconds (0d 0h 3m 3s)

---------------  T H R E A D  ---------------

Current thread (0x000001f5e8391eb0):  VMThread "VM Thread" [stack: 0x000000d7deb00000,0x000000d7dec00000] [id=14196]

Stack: [0x000000d7deb00000,0x000000d7dec00000]
Native frames: (J=compiled Java code, j=interpreted, Vv=VM code, C=native code)
V  [jvm.dll+0x6681ca]
V  [jvm.dll+0x7c9e69]
V  [jvm.dll+0x7cb61e]
V  [jvm.dll+0x7cbc27]
V  [jvm.dll+0x2429b3]
V  [jvm.dll+0x330cf9]
V  [jvm.dll+0x32f1ce]
V  [jvm.dll+0x32f72e]
V  [jvm.dll+0x32cdaf]
V  [jvm.dll+0x32c037]
V  [jvm.dll+0x656cce]
V  [jvm.dll+0x6569d3]
V  [jvm.dll+0x61c1e8]
V  [jvm.dll+0x7c18f5]
V  [jvm.dll+0x520446]
V  [jvm.dll+0x7d00ab]
V  [jvm.dll+0x7d0da4]
V  [jvm.dll+0x7d12a9]
V  [jvm.dll+0x7d1564]
V  [jvm.dll+0x7d1630]
V  [jvm.dll+0x7795aa]
V  [jvm.dll+0x667066]
C  [ucrtbase.dll+0x210b2]
C  [KERNEL32.DLL+0x17c24]
C  [ntdll.dll+0x6d4d1]

VM_Operation (0x000000d7df5ff1d0): get/set locals, mode: safepoint, requested by thread 0x000001f5e8ef23f0


---------------  P R O C E S S  ---------------

Threads class SMR info:
_java_thread_list=0x000001f5ef1e4f50, length=45, elements={
0x000001f5cede3a30, 0x000001f5e83a7010, 0x000001f5e83a8380, 0x000001f5e8c34e20,
0x000001f5e8c368a0, 0x000001f5e8c371b0, 0x000001f5e8c37ac0, 0x000001f5e8c383d0,
0x000001f5e8c5ac60, 0x000001f5e8314580, 0x000001f5e8ef23f0, 0x000001f5e8efb360,
0x000001f5e8efeab0, 0x000001f5e9a4eeb0, 0x000001f5ea884db0, 0x000001f5ea8b2400,
0x000001f5ea8ce3d0, 0x000001f5ead87ce0, 0x000001f5eb02cdd0, 0x000001f5eb096ea0,
0x000001f5eb0973f0, 0x000001f5eb097940, 0x000001f5eb0983e0, 0x000001f5eb095410,
0x000001f5eb096400, 0x000001f5eb096950, 0x000001f5ed412580, 0x000001f5ed410050,
0x000001f5ed414010, 0x000001f5ed412ad0, 0x000001f5ed40f5b0, 0x000001f5ed413570,
0x000001f5ed415aa0, 0x000001f5ed4105a0, 0x000001f5ed40eb10, 0x000001f5ed40f060,
0x000001f5ed410af0, 0x000001f5ed415000, 0x000001f5ed415550, 0x000001f5ed414ab0,
0x000001f5ed412030, 0x000001f5ed40e5c0, 0x000001f5ed411590, 0x000001f5ed40e070,
0x000001f5ed40fb00
}

Java Threads: ( => current thread )
  0x000001f5cede3a30 JavaThread "main" [_thread_blocked, id=13284, stack(0x000000d7de500000,0x000000d7de600000)]
  0x000001f5e83a7010 JavaThread "Reference Handler" daemon [_thread_blocked, id=18384, stack(0x000000d7dec00000,0x000000d7ded00000)]
  0x000001f5e83a8380 JavaThread "Finalizer" daemon [_thread_blocked, id=3732, stack(0x000000d7ded00000,0x000000d7dee00000)]
  0x000001f5e8c34e20 JavaThread "Signal Dispatcher" daemon [_thread_blocked, id=15464, stack(0x000000d7dee00000,0x000000d7def00000)]
  0x000001f5e8c368a0 JavaThread "Attach Listener" daemon [_thread_blocked, id=8264, stack(0x000000d7def00000,0x000000d7df000000)]
  0x000001f5e8c371b0 JavaThread "Service Thread" daemon [_thread_blocked, id=18116, stack(0x000000d7df000000,0x000000d7df100000)]
  0x000001f5e8c37ac0 JavaThread "Monitor Deflation Thread" daemon [_thread_blocked, id=15068, stack(0x000000d7df100000,0x000000d7df200000)]
  0x000001f5e8c383d0 JavaThread "C1 CompilerThread0" daemon [_thread_blocked, id=80, stack(0x000000d7df200000,0x000000d7df300000)]
  0x000001f5e8c5ac60 JavaThread "Sweeper thread" daemon [_thread_blocked, id=14460, stack(0x000000d7df300000,0x000000d7df400000)]
  0x000001f5e8314580 JavaThread "Common-Cleaner" daemon [_thread_blocked, id=4296, stack(0x000000d7df400000,0x000000d7df500000)]
  0x000001f5e8ef23f0 JavaThread "JDWP Transport Listener: dt_socket" daemon [_thread_blocked, id=7764, stack(0x000000d7df500000,0x000000d7df600000)]
  0x000001f5e8efb360 JavaThread "JDWP Event Helper Thread" daemon [_thread_blocked, id=4008, stack(0x000000d7df600000,0x000000d7df700000)]
  0x000001f5e8efeab0 JavaThread "JDWP Command Reader" daemon [_thread_in_native, id=4368, stack(0x000000d7df700000,0x000000d7df800000)]
  0x000001f5e9a4eeb0 JavaThread "Notification Thread" daemon [_thread_blocked, id=15192, stack(0x000000d7dfb00000,0x000000d7dfc00000)]
  0x000001f5ea884db0 JavaThread "RMI TCP Accept-0" daemon [_thread_in_native, id=2528, stack(0x000000d7dfd00000,0x000000d7dfe00000)]
  0x000001f5ea8b2400 JavaThread "RMI TCP Accept-62873" daemon [_thread_in_native, id=15240, stack(0x000000d7dfe00000,0x000000d7dff00000)]
  0x000001f5ea8ce3d0 JavaThread "RMI TCP Accept-0" daemon [_thread_in_native, id=16972, stack(0x000000d7dff00000,0x000000d7e0000000)]
  0x000001f5ead87ce0 JavaThread "RMI Scheduler(0)" daemon [_thread_blocked, id=15440, stack(0x000000d7e0200000,0x000000d7e0300000)]
  0x000001f5eb02cdd0 JavaThread "RMI TCP Connection(2)-127.0.0.1" daemon [_thread_blocked, id=12208, stack(0x000000d7e0300000,0x000000d7e0400000)]
  0x000001f5eb096ea0 JavaThread "JMX server connection timeout 25" daemon [_thread_blocked, id=16836, stack(0x000000d7e0400000,0x000000d7e0500000)]
  0x000001f5eb0973f0 JavaThread "RMI TCP Connection(3)-127.0.0.1" daemon [_thread_blocked, id=16432, stack(0x000000d7e0700000,0x000000d7e0800000)]
  0x000001f5eb097940 JavaThread "JMX server connection timeout 32" daemon [_thread_blocked, id=1516, stack(0x000000d7e0800000,0x000000d7e0900000)]
  0x000001f5eb0983e0 JavaThread "RMI TCP Connection(4)-127.0.0.1" daemon [_thread_in_native, id=12164, stack(0x000000d7e0600000,0x000000d7e0700000)]
  0x000001f5eb095410 JavaThread "JMX server connection timeout 34" daemon [_thread_blocked, id=17104, stack(0x000000d7e0900000,0x000000d7e0a00000)]
  0x000001f5eb096400 JavaThread "Catalina-utility-1" [_thread_blocked, id=14244, stack(0x000000d7e0a00000,0x000000d7e0b00000)]
  0x000001f5eb096950 JavaThread "Catalina-utility-2" [_thread_blocked, id=1900, stack(0x000000d7e0b00000,0x000000d7e0c00000)]
  0x000001f5ed412580 JavaThread "container-0" [_thread_blocked, id=16976, stack(0x000000d7e0c00000,0x000000d7e0d00000)]
  0x000001f5ed410050 JavaThread "mysql-cj-abandoned-connection-cleanup" daemon [_thread_blocked, id=15948, stack(0x000000d7e0d00000,0x000000d7e0e00000)]
  0x000001f5ed414010 JavaThread "spring.cloud.inetutils" daemon [_thread_blocked, id=13852, stack(0x000000d7e0e00000,0x000000d7e0f00000)]
  0x000001f5ed412ad0 JavaThread "http-nio-8186-exec-1" daemon [_thread_blocked, id=1308, stack(0x000000d7e0f00000,0x000000d7e1000000)]
  0x000001f5ed40f5b0 JavaThread "http-nio-8186-exec-2" daemon [_thread_blocked, id=15384, stack(0x000000d7e1000000,0x000000d7e1100000)]
  0x000001f5ed413570 JavaThread "http-nio-8186-exec-3" daemon [_thread_blocked, id=14448, stack(0x000000d7e1100000,0x000000d7e1200000)]
  0x000001f5ed415aa0 JavaThread "http-nio-8186-exec-4" daemon [_thread_blocked, id=6924, stack(0x000000d7e1200000,0x000000d7e1300000)]
  0x000001f5ed4105a0 JavaThread "http-nio-8186-exec-5" daemon [_thread_blocked, id=11684, stack(0x000000d7e1300000,0x000000d7e1400000)]
  0x000001f5ed40eb10 JavaThread "http-nio-8186-exec-6" daemon [_thread_blocked, id=13928, stack(0x000000d7e1400000,0x000000d7e1500000)]
  0x000001f5ed40f060 JavaThread "http-nio-8186-exec-7" daemon [_thread_blocked, id=5232, stack(0x000000d7e1500000,0x000000d7e1600000)]
  0x000001f5ed410af0 JavaThread "http-nio-8186-exec-8" daemon [_thread_blocked, id=10320, stack(0x000000d7e1600000,0x000000d7e1700000)]
  0x000001f5ed415000 JavaThread "http-nio-8186-exec-9" daemon [_thread_blocked, id=15624, stack(0x000000d7e1700000,0x000000d7e1800000)]
  0x000001f5ed415550 JavaThread "http-nio-8186-exec-10" daemon [_thread_blocked, id=5108, stack(0x000000d7e1800000,0x000000d7e1900000)]
  0x000001f5ed414ab0 JavaThread "http-nio-8186-Poller" daemon [_thread_in_native, id=15252, stack(0x000000d7e1900000,0x000000d7e1a00000)]
  0x000001f5ed412030 JavaThread "http-nio-8186-Acceptor" daemon [_thread_in_native, id=13568, stack(0x000000d7e1a00000,0x000000d7e1b00000)]
  0x000001f5ed40e5c0 JavaThread "org.springframework.amqp.rabbit.RabbitListenerEndpointContainer#0-1" [_thread_blocked, id=15576, stack(0x000000d7e1c00000,0x000000d7e1d00000)]
  0x000001f5ed411590 JavaThread "org.springframework.amqp.rabbit.RabbitListenerEndpointContainer#0-2" [_thread_in_native, id=14096, stack(0x000000d7e1d00000,0x000000d7e1e00000)]
  0x000001f5ed40e070 JavaThread "org.springframework.amqp.rabbit.RabbitListenerEndpointContainer#0-3" [_thread_blocked, id=3816, stack(0x000000d7e1e00000,0x000000d7e1f00000)]
  0x000001f5ed40fb00 JavaThread "org.springframework.amqp.rabbit.RabbitListenerEndpointContainer#0-4" [_thread_blocked, id=2812, stack(0x000000d7e1f00000,0x000000d7e2000000)]

Other Threads:
=>0x000001f5e8391eb0 VMThread "VM Thread" [stack: 0x000000d7deb00000,0x000000d7dec00000] [id=14196]
  0x000001f5ea8eb830 WatcherThread [stack: 0x000000d7e0000000,0x000000d7e0100000] [id=17896]
  0x000001f5cee21570 GCTaskThread "GC Thread#0" [stack: 0x000000d7de600000,0x000000d7de700000] [id=18152]
  0x000001f5e9a4afb0 GCTaskThread "GC Thread#1" [stack: 0x000000d7df800000,0x000000d7df900000] [id=16508]
  0x000001f5e9a4b2c0 GCTaskThread "GC Thread#2" [stack: 0x000000d7df900000,0x000000d7dfa00000] [id=13180]
  0x000001f5e9a655f0 GCTaskThread "GC Thread#3" [stack: 0x000000d7dfa00000,0x000000d7dfb00000] [id=9364]
  0x000001f5cee32ae0 ConcurrentGCThread "G1 Main Marker" [stack: 0x000000d7de700000,0x000000d7de800000] [id=14492]
  0x000001f5cee344f0 ConcurrentGCThread "G1 Conc#0" [stack: 0x000000d7de800000,0x000000d7de900000] [id=15072]
  0x000001f5e81e24c0 ConcurrentGCThread "G1 Refine#0" [stack: 0x000000d7de900000,0x000000d7dea00000] [id=17380]
  0x000001f5cee7eb60 ConcurrentGCThread "G1 Service" [stack: 0x000000d7dea00000,0x000000d7deb00000] [id=18336]

Threads with active compile tasks:

VM state: at safepoint (normal execution)

VM Mutex/Monitor currently owned by a thread:  ([mutex/lock_event])
[0x000001f5cede0c30] Threads_lock - owner thread: 0x000001f5e8391eb0

Heap address: 0x0000000081400000, size: 2028 MB, Compressed Oops mode: 32-bit

CDS disabled.
Compressed class space mapped at: 0x0000000100000000-0x0000000140000000, reserved size: 1073741824
Narrow klass base: 0x0000000000000000, Narrow klass shift: 3, Narrow klass range: 0x140000000

GC Precious Log:
 CPUs: 4 total, 4 available
 Memory: 8110M
 Large Page Support: Disabled
 NUMA Support: Disabled
 Compressed Oops: Enabled (32-bit)
 Heap Region Size: 1M
 Heap Min Capacity: 8M
 Heap Initial Capacity: 128M
 Heap Max Capacity: 2028M
 Pre-touch: Disabled
 Parallel Workers: 4
 Concurrent Workers: 1
 Concurrent Refinement Workers: 4
 Periodic GC: Disabled

Heap:
 garbage-first heap   total 194560K, used 142133K [0x0000000081400000, 0x0000000100000000)
  region size 1024K, 87 young (89088K), 7 survivors (7168K)
 Metaspace       used 97974K, committed 98688K, reserved 1138688K
  class space    used 12833K, committed 13184K, reserved 1048576K

Heap Regions: E=young(eden), S=young(survivor), O=old, HS=humongous(starts), HC=humongous(continues), CS=collection set, F=free, OA=open archive, CA=closed archive, TAMS=top-at-mark-start (previous, next)
|   0|0x0000000081400000, 0x0000000081500000, 0x0000000081500000|100%|HS|  |TAMS 0x0000000081500000, 0x0000000081400000| Complete 
|   1|0x0000000081500000, 0x0000000081600000, 0x0000000081600000|100%| O|  |TAMS 0x0000000081600000, 0x0000000081500000| Untracked 
|   2|0x0000000081600000, 0x0000000081700000, 0x0000000081700000|100%| O|  |TAMS 0x0000000081700000, 0x0000000081600000| Untracked 
|   3|0x0000000081700000, 0x0000000081800000, 0x0000000081800000|100%| O|  |TAMS 0x0000000081800000, 0x0000000081700000| Untracked 
|   4|0x0000000081800000, 0x0000000081900000, 0x0000000081900000|100%| O|  |TAMS 0x0000000081900000, 0x0000000081800000| Untracked 
|   5|0x0000000081900000, 0x0000000081a00000, 0x0000000081a00000|100%| O|  |TAMS 0x0000000081a00000, 0x0000000081900000| Untracked 
|   6|0x0000000081a00000, 0x0000000081b00000, 0x0000000081b00000|100%| O|  |TAMS 0x0000000081b00000, 0x0000000081a00000| Untracked 
|   7|0x0000000081b00000, 0x0000000081c00000, 0x0000000081c00000|100%| O|  |TAMS 0x0000000081c00000, 0x0000000081b00000| Untracked 
|   8|0x0000000081c00000, 0x0000000081ccae00, 0x0000000081d00000| 79%| O|  |TAMS 0x0000000081ccae00, 0x0000000081c00000| Untracked 
|   9|0x0000000081d00000, 0x0000000081e00000, 0x0000000081e00000|100%| O|  |TAMS 0x0000000081e00000, 0x0000000081d00000| Untracked 
|  10|0x0000000081e00000, 0x0000000081f00000, 0x0000000081f00000|100%| O|  |TAMS 0x0000000081f00000, 0x0000000081e00000| Untracked 
|  11|0x0000000081f00000, 0x0000000082000000, 0x0000000082000000|100%| O|  |TAMS 0x0000000082000000, 0x0000000081f00000| Untracked 
|  12|0x0000000082000000, 0x0000000082100000, 0x0000000082100000|100%| O|  |TAMS 0x0000000082100000, 0x0000000082000000| Untracked 
|  13|0x0000000082100000, 0x0000000082200000, 0x0000000082200000|100%| O|  |TAMS 0x0000000082200000, 0x0000000082100000| Untracked 
|  14|0x0000000082200000, 0x0000000082300000, 0x0000000082300000|100%| O|  |TAMS 0x0000000082300000, 0x0000000082200000| Untracked 
|  15|0x0000000082300000, 0x0000000082400000, 0x0000000082400000|100%| O|  |TAMS 0x0000000082400000, 0x0000000082300000| Untracked 
|  16|0x0000000082400000, 0x0000000082500000, 0x0000000082500000|100%| O|  |TAMS 0x0000000082500000, 0x0000000082400000| Untracked 
|  17|0x0000000082500000, 0x0000000082600000, 0x0000000082600000|100%| O|  |TAMS 0x0000000082600000, 0x0000000082500000| Untracked 
|  18|0x0000000082600000, 0x0000000082700000, 0x0000000082700000|100%| O|  |TAMS 0x0000000082700000, 0x0000000082600000| Untracked 
|  19|0x0000000082700000, 0x0000000082800000, 0x0000000082800000|100%| O|  |TAMS 0x0000000082800000, 0x0000000082700000| Untracked 
|  20|0x0000000082800000, 0x0000000082900000, 0x0000000082900000|100%| O|  |TAMS 0x0000000082900000, 0x0000000082800000| Untracked 
|  21|0x0000000082900000, 0x0000000082a00000, 0x0000000082a00000|100%| O|  |TAMS 0x0000000082a00000, 0x0000000082900000| Untracked 
|  22|0x0000000082a00000, 0x0000000082b00000, 0x0000000082b00000|100%| O|  |TAMS 0x0000000082b00000, 0x0000000082a00000| Untracked 
|  23|0x0000000082b00000, 0x0000000082c00000, 0x0000000082c00000|100%| O|  |TAMS 0x0000000082c00000, 0x0000000082b00000| Untracked 
|  24|0x0000000082c00000, 0x0000000082d00000, 0x0000000082d00000|100%| O|  |TAMS 0x0000000082cce200, 0x0000000082c00000| Untracked 
|  25|0x0000000082d00000, 0x0000000082e00000, 0x0000000082e00000|100%| O|  |TAMS 0x0000000082d00000, 0x0000000082d00000| Untracked 
|  26|0x0000000082e00000, 0x0000000082f00000, 0x0000000082f00000|100%| O|  |TAMS 0x0000000082e00000, 0x0000000082e00000| Untracked 
|  27|0x0000000082f00000, 0x0000000083000000, 0x0000000083000000|100%| O|  |TAMS 0x0000000082f00000, 0x0000000082f00000| Untracked 
|  28|0x0000000083000000, 0x0000000083100000, 0x0000000083100000|100%| O|  |TAMS 0x0000000083000000, 0x0000000083000000| Untracked 
|  29|0x0000000083100000, 0x0000000083200000, 0x0000000083200000|100%| O|  |TAMS 0x0000000083200000, 0x0000000083100000| Untracked 
|  30|0x0000000083200000, 0x0000000083300000, 0x0000000083300000|100%| O|  |TAMS 0x0000000083300000, 0x0000000083200000| Untracked 
|  31|0x0000000083300000, 0x0000000083400000, 0x0000000083400000|100%| O|  |TAMS 0x0000000083400000, 0x0000000083300000| Untracked 
|  32|0x0000000083400000, 0x0000000083500000, 0x0000000083500000|100%| O|  |TAMS 0x0000000083400000, 0x0000000083400000| Untracked 
|  33|0x0000000083500000, 0x0000000083600000, 0x0000000083600000|100%| O|  |TAMS 0x0000000083500000, 0x0000000083500000| Untracked 
|  34|0x0000000083600000, 0x0000000083700000, 0x0000000083700000|100%| O|  |TAMS 0x0000000083600000, 0x0000000083600000| Untracked 
|  35|0x0000000083700000, 0x0000000083800000, 0x0000000083800000|100%| O|  |TAMS 0x0000000083700000, 0x0000000083700000| Untracked 
|  36|0x0000000083800000, 0x0000000083900000, 0x0000000083900000|100%| O|  |TAMS 0x0000000083800000, 0x0000000083800000| Untracked 
|  37|0x0000000083900000, 0x0000000083a00000, 0x0000000083a00000|100%| O|  |TAMS 0x0000000083900000, 0x0000000083900000| Untracked 
|  38|0x0000000083a00000, 0x0000000083b00000, 0x0000000083b00000|100%| O|  |TAMS 0x0000000083a00000, 0x0000000083a00000| Untracked 
|  39|0x0000000083b00000, 0x0000000083c00000, 0x0000000083c00000|100%| O|  |TAMS 0x0000000083b00000, 0x0000000083b00000| Untracked 
|  40|0x0000000083c00000, 0x0000000083d00000, 0x0000000083d00000|100%| O|  |TAMS 0x0000000083c00000, 0x0000000083c00000| Untracked 
|  41|0x0000000083d00000, 0x0000000083e00000, 0x0000000083e00000|100%| O|  |TAMS 0x0000000083d00000, 0x0000000083d00000| Untracked 
|  42|0x0000000083e00000, 0x0000000083f00000, 0x0000000083f00000|100%| O|  |TAMS 0x0000000083e00000, 0x0000000083e00000| Untracked 
|  43|0x0000000083f00000, 0x0000000084000000, 0x0000000084000000|100%| O|  |TAMS 0x0000000083f00000, 0x0000000083f00000| Untracked 
|  44|0x0000000084000000, 0x0000000084100000, 0x0000000084100000|100%| O|  |TAMS 0x0000000084000000, 0x0000000084000000| Untracked 
|  45|0x0000000084100000, 0x0000000084200000, 0x0000000084200000|100%| O|  |TAMS 0x0000000084100000, 0x0000000084100000| Untracked 
|  46|0x0000000084200000, 0x0000000084300000, 0x0000000084300000|100%| O|  |TAMS 0x0000000084200000, 0x0000000084200000| Untracked 
|  47|0x0000000084300000, 0x0000000084400000, 0x0000000084400000|100%| O|  |TAMS 0x0000000084300000, 0x0000000084300000| Untracked 
|  48|0x0000000084400000, 0x0000000084500000, 0x0000000084500000|100%| O|  |TAMS 0x0000000084400000, 0x0000000084400000| Untracked 
|  49|0x0000000084500000, 0x0000000084600000, 0x0000000084600000|100%| O|  |TAMS 0x0000000084500000, 0x0000000084500000| Untracked 
|  50|0x0000000084600000, 0x0000000084700000, 0x0000000084700000|100%| O|  |TAMS 0x0000000084600000, 0x0000000084600000| Untracked 
|  51|0x0000000084700000, 0x0000000084800000, 0x0000000084800000|100%| O|  |TAMS 0x0000000084700000, 0x0000000084700000| Untracked 
|  52|0x0000000084800000, 0x0000000084900000, 0x0000000084900000|100%| O|  |TAMS 0x0000000084800000, 0x0000000084800000| Untracked 
|  53|0x0000000084900000, 0x0000000084a00000, 0x0000000084a00000|100%| O|  |TAMS 0x0000000084900000, 0x0000000084900000| Untracked 
|  54|0x0000000084a00000, 0x0000000084aae400, 0x0000000084b00000| 68%| O|  |TAMS 0x0000000084a00000, 0x0000000084a00000| Untracked 
|  55|0x0000000084b00000, 0x0000000084b00000, 0x0000000084c00000|  0%| F|  |TAMS 0x0000000084b00000, 0x0000000084b00000| Untracked 
|  56|0x0000000084c00000, 0x0000000084c00000, 0x0000000084d00000|  0%| F|  |TAMS 0x0000000084c00000, 0x0000000084c00000| Untracked 
|  57|0x0000000084d00000, 0x0000000084d00000, 0x0000000084e00000|  0%| F|  |TAMS 0x0000000084d00000, 0x0000000084d00000| Untracked 
|  58|0x0000000084e00000, 0x0000000084e00000, 0x0000000084f00000|  0%| F|  |TAMS 0x0000000084e00000, 0x0000000084e00000| Untracked 
|  59|0x0000000084f00000, 0x0000000084f00000, 0x0000000085000000|  0%| F|  |TAMS 0x0000000084f00000, 0x0000000084f00000| Untracked 
|  60|0x0000000085000000, 0x0000000085000000, 0x0000000085100000|  0%| F|  |TAMS 0x0000000085000000, 0x0000000085000000| Untracked 
|  61|0x0000000085100000, 0x0000000085100000, 0x0000000085200000|  0%| F|  |TAMS 0x0000000085100000, 0x0000000085100000| Untracked 
|  62|0x0000000085200000, 0x0000000085200000, 0x0000000085300000|  0%| F|  |TAMS 0x0000000085200000, 0x0000000085200000| Untracked 
|  63|0x0000000085300000, 0x0000000085300000, 0x0000000085400000|  0%| F|  |TAMS 0x0000000085300000, 0x0000000085300000| Untracked 
|  64|0x0000000085400000, 0x0000000085400000, 0x0000000085500000|  0%| F|  |TAMS 0x0000000085400000, 0x0000000085400000| Untracked 
|  65|0x0000000085500000, 0x0000000085500000, 0x0000000085600000|  0%| F|  |TAMS 0x0000000085500000, 0x0000000085500000| Untracked 
|  66|0x0000000085600000, 0x0000000085600000, 0x0000000085700000|  0%| F|  |TAMS 0x0000000085600000, 0x0000000085600000| Untracked 
|  67|0x0000000085700000, 0x0000000085700000, 0x0000000085800000|  0%| F|  |TAMS 0x0000000085700000, 0x0000000085700000| Untracked 
|  68|0x0000000085800000, 0x0000000085800000, 0x0000000085900000|  0%| F|  |TAMS 0x0000000085800000, 0x0000000085800000| Untracked 
|  69|0x0000000085900000, 0x00000000859543e8, 0x0000000085a00000| 32%| S|CS|TAMS 0x0000000085900000, 0x0000000085900000| Complete 
|  70|0x0000000085a00000, 0x0000000085b00000, 0x0000000085b00000|100%| S|CS|TAMS 0x0000000085a00000, 0x0000000085a00000| Complete 
|  71|0x0000000085b00000, 0x0000000085c00000, 0x0000000085c00000|100%| S|CS|TAMS 0x0000000085b00000, 0x0000000085b00000| Complete 
|  72|0x0000000085c00000, 0x0000000085d00000, 0x0000000085d00000|100%| S|CS|TAMS 0x0000000085c00000, 0x0000000085c00000| Complete 
|  73|0x0000000085d00000, 0x0000000085d00000, 0x0000000085e00000|  0%| F|  |TAMS 0x0000000085d00000, 0x0000000085d00000| Untracked 
|  74|0x0000000085e00000, 0x0000000085e00000, 0x0000000085f00000|  0%| F|  |TAMS 0x0000000085e00000, 0x0000000085e00000| Untracked 
|  75|0x0000000085f00000, 0x0000000085f00000, 0x0000000086000000|  0%| F|  |TAMS 0x0000000085f00000, 0x0000000085f00000| Untracked 
|  76|0x0000000086000000, 0x0000000086100000, 0x0000000086100000|100%| S|CS|TAMS 0x0000000086000000, 0x0000000086000000| Complete 
|  77|0x0000000086100000, 0x0000000086200000, 0x0000000086200000|100%| S|CS|TAMS 0x0000000086100000, 0x0000000086100000| Complete 
|  78|0x0000000086200000, 0x0000000086200000, 0x0000000086300000|  0%| F|  |TAMS 0x0000000086200000, 0x0000000086200000| Untracked 
|  79|0x0000000086300000, 0x0000000086300000, 0x0000000086400000|  0%| F|  |TAMS 0x0000000086300000, 0x0000000086300000| Untracked 
|  80|0x0000000086400000, 0x0000000086400000, 0x0000000086500000|  0%| F|  |TAMS 0x0000000086400000, 0x0000000086400000| Untracked 
|  81|0x0000000086500000, 0x0000000086500000, 0x0000000086600000|  0%| F|  |TAMS 0x0000000086500000, 0x0000000086500000| Untracked 
|  82|0x0000000086600000, 0x0000000086700000, 0x0000000086700000|100%| S|CS|TAMS 0x0000000086600000, 0x0000000086600000| Complete 
|  83|0x0000000086700000, 0x0000000086700000, 0x0000000086800000|  0%| F|  |TAMS 0x0000000086700000, 0x0000000086700000| Untracked 
|  84|0x0000000086800000, 0x0000000086800000, 0x0000000086900000|  0%| F|  |TAMS 0x0000000086800000, 0x0000000086800000| Untracked 
|  85|0x0000000086900000, 0x0000000086900000, 0x0000000086a00000|  0%| F|  |TAMS 0x0000000086900000, 0x0000000086900000| Untracked 
|  86|0x0000000086a00000, 0x0000000086a00000, 0x0000000086b00000|  0%| F|  |TAMS 0x0000000086a00000, 0x0000000086a00000| Untracked 
|  87|0x0000000086b00000, 0x0000000086b00000, 0x0000000086c00000|  0%| F|  |TAMS 0x0000000086b00000, 0x0000000086b00000| Untracked 
|  88|0x0000000086c00000, 0x0000000086c00000, 0x0000000086d00000|  0%| F|  |TAMS 0x0000000086c00000, 0x0000000086c00000| Untracked 
|  89|0x0000000086d00000, 0x0000000086d00000, 0x0000000086e00000|  0%| F|  |TAMS 0x0000000086d00000, 0x0000000086d00000| Untracked 
|  90|0x0000000086e00000, 0x0000000086e00000, 0x0000000086f00000|  0%| F|  |TAMS 0x0000000086e00000, 0x0000000086e00000| Untracked 
|  91|0x0000000086f00000, 0x0000000086f00000, 0x0000000087000000|  0%| F|  |TAMS 0x0000000086f00000, 0x0000000086f00000| Untracked 
|  92|0x0000000087000000, 0x0000000087000000, 0x0000000087100000|  0%| F|  |TAMS 0x0000000087000000, 0x0000000087000000| Untracked 
|  93|0x0000000087100000, 0x0000000087100000, 0x0000000087200000|  0%| F|  |TAMS 0x0000000087100000, 0x0000000087100000| Untracked 
|  94|0x0000000087200000, 0x0000000087200000, 0x0000000087300000|  0%| F|  |TAMS 0x0000000087200000, 0x0000000087200000| Untracked 
|  95|0x0000000087300000, 0x0000000087300000, 0x0000000087400000|  0%| F|  |TAMS 0x0000000087300000, 0x0000000087300000| Untracked 
|  96|0x0000000087400000, 0x0000000087400000, 0x0000000087500000|  0%| F|  |TAMS 0x0000000087400000, 0x0000000087400000| Untracked 
|  97|0x0000000087500000, 0x0000000087500000, 0x0000000087600000|  0%| F|  |TAMS 0x0000000087500000, 0x0000000087500000| Untracked 
|  98|0x0000000087600000, 0x0000000087600000, 0x0000000087700000|  0%| F|  |TAMS 0x0000000087600000, 0x0000000087600000| Untracked 
|  99|0x0000000087700000, 0x0000000087700000, 0x0000000087800000|  0%| F|  |TAMS 0x0000000087700000, 0x0000000087700000| Untracked 
| 100|0x0000000087800000, 0x0000000087800000, 0x0000000087900000|  0%| F|  |TAMS 0x0000000087800000, 0x0000000087800000| Untracked 
| 101|0x0000000087900000, 0x0000000087900000, 0x0000000087a00000|  0%| F|  |TAMS 0x0000000087900000, 0x0000000087900000| Untracked 
| 102|0x0000000087a00000, 0x0000000087a00000, 0x0000000087b00000|  0%| F|  |TAMS 0x0000000087a00000, 0x0000000087a00000| Untracked 
| 103|0x0000000087b00000, 0x0000000087b00000, 0x0000000087c00000|  0%| F|  |TAMS 0x0000000087b00000, 0x0000000087b00000| Untracked 
| 104|0x0000000087c00000, 0x0000000087c00000, 0x0000000087d00000|  0%| F|  |TAMS 0x0000000087c00000, 0x0000000087c00000| Untracked 
| 105|0x0000000087d00000, 0x0000000087d00000, 0x0000000087e00000|  0%| F|  |TAMS 0x0000000087d00000, 0x0000000087d00000| Untracked 
| 106|0x0000000087e00000, 0x0000000087e00000, 0x0000000087f00000|  0%| F|  |TAMS 0x0000000087e00000, 0x0000000087e00000| Untracked 
| 107|0x0000000087f00000, 0x0000000087f00000, 0x0000000088000000|  0%| F|  |TAMS 0x0000000087f00000, 0x0000000087f00000| Untracked 
| 108|0x0000000088000000, 0x0000000088000000, 0x0000000088100000|  0%| F|  |TAMS 0x0000000088000000, 0x0000000088000000| Untracked 
| 109|0x0000000088100000, 0x0000000088100000, 0x0000000088200000|  0%| F|  |TAMS 0x0000000088100000, 0x0000000088100000| Untracked 
| 110|0x0000000088200000, 0x0000000088300000, 0x0000000088300000|100%| E|  |TAMS 0x0000000088200000, 0x0000000088200000| Complete 
| 111|0x0000000088300000, 0x0000000088400000, 0x0000000088400000|100%| E|CS|TAMS 0x0000000088300000, 0x0000000088300000| Complete 
| 112|0x0000000088400000, 0x0000000088500000, 0x0000000088500000|100%| E|CS|TAMS 0x0000000088400000, 0x0000000088400000| Complete 
| 113|0x0000000088500000, 0x0000000088600000, 0x0000000088600000|100%| E|CS|TAMS 0x0000000088500000, 0x0000000088500000| Complete 
| 114|0x0000000088600000, 0x0000000088700000, 0x0000000088700000|100%| E|CS|TAMS 0x0000000088600000, 0x0000000088600000| Complete 
| 115|0x0000000088700000, 0x0000000088800000, 0x0000000088800000|100%| E|CS|TAMS 0x0000000088700000, 0x0000000088700000| Complete 
| 116|0x0000000088800000, 0x0000000088900000, 0x0000000088900000|100%| E|CS|TAMS 0x0000000088800000, 0x0000000088800000| Complete 
| 117|0x0000000088900000, 0x0000000088a00000, 0x0000000088a00000|100%| E|CS|TAMS 0x0000000088900000, 0x0000000088900000| Complete 
| 118|0x0000000088a00000, 0x0000000088b00000, 0x0000000088b00000|100%| E|CS|TAMS 0x0000000088a00000, 0x0000000088a00000| Complete 
| 119|0x0000000088b00000, 0x0000000088c00000, 0x0000000088c00000|100%| E|CS|TAMS 0x0000000088b00000, 0x0000000088b00000| Complete 
| 120|0x0000000088c00000, 0x0000000088d00000, 0x0000000088d00000|100%| E|CS|TAMS 0x0000000088c00000, 0x0000000088c00000| Complete 
| 121|0x0000000088d00000, 0x0000000088e00000, 0x0000000088e00000|100%| E|CS|TAMS 0x0000000088d00000, 0x0000000088d00000| Complete 
| 122|0x0000000088e00000, 0x0000000088f00000, 0x0000000088f00000|100%| E|CS|TAMS 0x0000000088e00000, 0x0000000088e00000| Complete 
| 123|0x0000000088f00000, 0x0000000089000000, 0x0000000089000000|100%| E|CS|TAMS 0x0000000088f00000, 0x0000000088f00000| Complete 
| 124|0x0000000089000000, 0x0000000089100000, 0x0000000089100000|100%| E|  |TAMS 0x0000000089000000, 0x0000000089000000| Complete 
| 125|0x0000000089100000, 0x0000000089200000, 0x0000000089200000|100%| E|CS|TAMS 0x0000000089100000, 0x0000000089100000| Complete 
| 126|0x0000000089200000, 0x0000000089300000, 0x0000000089300000|100%| E|CS|TAMS 0x0000000089200000, 0x0000000089200000| Complete 
| 127|0x0000000089300000, 0x0000000089400000, 0x0000000089400000|100%| E|CS|TAMS 0x0000000089300000, 0x0000000089300000| Complete 
| 128|0x0000000089400000, 0x0000000089500000, 0x0000000089500000|100%| E|CS|TAMS 0x0000000089400000, 0x0000000089400000| Complete 
| 129|0x0000000089500000, 0x0000000089600000, 0x0000000089600000|100%| E|CS|TAMS 0x0000000089500000, 0x0000000089500000| Complete 
| 130|0x0000000089600000, 0x0000000089700000, 0x0000000089700000|100%| E|CS|TAMS 0x0000000089600000, 0x0000000089600000| Complete 
| 131|0x0000000089700000, 0x0000000089800000, 0x0000000089800000|100%| E|CS|TAMS 0x0000000089700000, 0x0000000089700000| Complete 
| 132|0x0000000089800000, 0x0000000089900000, 0x0000000089900000|100%| E|CS|TAMS 0x0000000089800000, 0x0000000089800000| Complete 
| 133|0x0000000089900000, 0x0000000089a00000, 0x0000000089a00000|100%| E|CS|TAMS 0x0000000089900000, 0x0000000089900000| Complete 
| 134|0x0000000089a00000, 0x0000000089b00000, 0x0000000089b00000|100%| E|CS|TAMS 0x0000000089a00000, 0x0000000089a00000| Complete 
| 135|0x0000000089b00000, 0x0000000089c00000, 0x0000000089c00000|100%| E|CS|TAMS 0x0000000089b00000, 0x0000000089b00000| Complete 
| 136|0x0000000089c00000, 0x0000000089d00000, 0x0000000089d00000|100%| E|CS|TAMS 0x0000000089c00000, 0x0000000089c00000| Complete 
| 137|0x0000000089d00000, 0x0000000089e00000, 0x0000000089e00000|100%| E|CS|TAMS 0x0000000089d00000, 0x0000000089d00000| Complete 
| 138|0x0000000089e00000, 0x0000000089f00000, 0x0000000089f00000|100%| E|CS|TAMS 0x0000000089e00000, 0x0000000089e00000| Complete 
| 139|0x0000000089f00000, 0x000000008a000000, 0x000000008a000000|100%| E|CS|TAMS 0x0000000089f00000, 0x0000000089f00000| Complete 
| 140|0x000000008a000000, 0x000000008a100000, 0x000000008a100000|100%| E|CS|TAMS 0x000000008a000000, 0x000000008a000000| Complete 
| 141|0x000000008a100000, 0x000000008a200000, 0x000000008a200000|100%| E|CS|TAMS 0x000000008a100000, 0x000000008a100000| Complete 
| 142|0x000000008a200000, 0x000000008a300000, 0x000000008a300000|100%| E|CS|TAMS 0x000000008a200000, 0x000000008a200000| Complete 
| 143|0x000000008a300000, 0x000000008a400000, 0x000000008a400000|100%| E|CS|TAMS 0x000000008a300000, 0x000000008a300000| Complete 
| 144|0x000000008a400000, 0x000000008a500000, 0x000000008a500000|100%| E|CS|TAMS 0x000000008a400000, 0x000000008a400000| Complete 
| 145|0x000000008a500000, 0x000000008a600000, 0x000000008a600000|100%| E|CS|TAMS 0x000000008a500000, 0x000000008a500000| Complete 
| 146|0x000000008a600000, 0x000000008a700000, 0x000000008a700000|100%| E|CS|TAMS 0x000000008a600000, 0x000000008a600000| Complete 
| 147|0x000000008a700000, 0x000000008a800000, 0x000000008a800000|100%| E|CS|TAMS 0x000000008a700000, 0x000000008a700000| Complete 
| 148|0x000000008a800000, 0x000000008a900000, 0x000000008a900000|100%| E|CS|TAMS 0x000000008a800000, 0x000000008a800000| Complete 
| 149|0x000000008a900000, 0x000000008aa00000, 0x000000008aa00000|100%| E|CS|TAMS 0x000000008a900000, 0x000000008a900000| Complete 
| 150|0x000000008aa00000, 0x000000008ab00000, 0x000000008ab00000|100%| E|CS|TAMS 0x000000008aa00000, 0x000000008aa00000| Complete 
| 151|0x000000008ab00000, 0x000000008ac00000, 0x000000008ac00000|100%| E|CS|TAMS 0x000000008ab00000, 0x000000008ab00000| Complete 
| 152|0x000000008ac00000, 0x000000008ad00000, 0x000000008ad00000|100%| E|CS|TAMS 0x000000008ac00000, 0x000000008ac00000| Complete 
| 153|0x000000008ad00000, 0x000000008ae00000, 0x000000008ae00000|100%| E|CS|TAMS 0x000000008ad00000, 0x000000008ad00000| Complete 
| 154|0x000000008ae00000, 0x000000008af00000, 0x000000008af00000|100%| E|CS|TAMS 0x000000008ae00000, 0x000000008ae00000| Complete 
| 155|0x000000008af00000, 0x000000008b000000, 0x000000008b000000|100%| E|CS|TAMS 0x000000008af00000, 0x000000008af00000| Complete 
| 156|0x000000008b000000, 0x000000008b100000, 0x000000008b100000|100%| E|CS|TAMS 0x000000008b000000, 0x000000008b000000| Complete 
| 157|0x000000008b100000, 0x000000008b200000, 0x000000008b200000|100%| E|CS|TAMS 0x000000008b100000, 0x000000008b100000| Complete 
| 158|0x000000008b200000, 0x000000008b300000, 0x000000008b300000|100%| E|CS|TAMS 0x000000008b200000, 0x000000008b200000| Complete 
| 159|0x000000008b300000, 0x000000008b400000, 0x000000008b400000|100%| E|CS|TAMS 0x000000008b300000, 0x000000008b300000| Complete 
| 160|0x000000008b400000, 0x000000008b500000, 0x000000008b500000|100%| E|CS|TAMS 0x000000008b400000, 0x000000008b400000| Complete 
| 161|0x000000008b500000, 0x000000008b600000, 0x000000008b600000|100%| E|CS|TAMS 0x000000008b500000, 0x000000008b500000| Complete 
| 162|0x000000008b600000, 0x000000008b700000, 0x000000008b700000|100%| E|CS|TAMS 0x000000008b600000, 0x000000008b600000| Complete 
| 163|0x000000008b700000, 0x000000008b800000, 0x000000008b800000|100%| E|CS|TAMS 0x000000008b700000, 0x000000008b700000| Complete 
| 164|0x000000008b800000, 0x000000008b900000, 0x000000008b900000|100%| E|CS|TAMS 0x000000008b800000, 0x000000008b800000| Complete 
| 165|0x000000008b900000, 0x000000008ba00000, 0x000000008ba00000|100%| E|CS|TAMS 0x000000008b900000, 0x000000008b900000| Complete 
| 166|0x000000008ba00000, 0x000000008bb00000, 0x000000008bb00000|100%| E|CS|TAMS 0x000000008ba00000, 0x000000008ba00000| Complete 
| 167|0x000000008bb00000, 0x000000008bc00000, 0x000000008bc00000|100%| E|CS|TAMS 0x000000008bb00000, 0x000000008bb00000| Complete 
| 168|0x000000008bc00000, 0x000000008bd00000, 0x000000008bd00000|100%| E|CS|TAMS 0x000000008bc00000, 0x000000008bc00000| Complete 
| 169|0x000000008bd00000, 0x000000008be00000, 0x000000008be00000|100%| E|CS|TAMS 0x000000008bd00000, 0x000000008bd00000| Complete 
| 170|0x000000008be00000, 0x000000008bf00000, 0x000000008bf00000|100%| E|CS|TAMS 0x000000008be00000, 0x000000008be00000| Complete 
| 171|0x000000008bf00000, 0x000000008c000000, 0x000000008c000000|100%| E|CS|TAMS 0x000000008bf00000, 0x000000008bf00000| Complete 
| 172|0x000000008c000000, 0x000000008c100000, 0x000000008c100000|100%| E|CS|TAMS 0x000000008c000000, 0x000000008c000000| Complete 
| 173|0x000000008c100000, 0x000000008c200000, 0x000000008c200000|100%| E|CS|TAMS 0x000000008c100000, 0x000000008c100000| Complete 
| 174|0x000000008c200000, 0x000000008c300000, 0x000000008c300000|100%| E|CS|TAMS 0x000000008c200000, 0x000000008c200000| Complete 
| 175|0x000000008c300000, 0x000000008c400000, 0x000000008c400000|100%| E|CS|TAMS 0x000000008c300000, 0x000000008c300000| Complete 
| 176|0x000000008c400000, 0x000000008c500000, 0x000000008c500000|100%| E|CS|TAMS 0x000000008c400000, 0x000000008c400000| Complete 
| 177|0x000000008c500000, 0x000000008c600000, 0x000000008c600000|100%| E|CS|TAMS 0x000000008c500000, 0x000000008c500000| Complete 
| 178|0x000000008c600000, 0x000000008c700000, 0x000000008c700000|100%| E|CS|TAMS 0x000000008c600000, 0x000000008c600000| Complete 
| 179|0x000000008c700000, 0x000000008c800000, 0x000000008c800000|100%| E|CS|TAMS 0x000000008c700000, 0x000000008c700000| Complete 
| 180|0x000000008c800000, 0x000000008c900000, 0x000000008c900000|100%| E|CS|TAMS 0x000000008c800000, 0x000000008c800000| Complete 
| 181|0x000000008c900000, 0x000000008ca00000, 0x000000008ca00000|100%| E|CS|TAMS 0x000000008c900000, 0x000000008c900000| Complete 
| 182|0x000000008ca00000, 0x000000008cb00000, 0x000000008cb00000|100%| E|CS|TAMS 0x000000008ca00000, 0x000000008ca00000| Complete 
| 183|0x000000008cb00000, 0x000000008cc00000, 0x000000008cc00000|100%| E|CS|TAMS 0x000000008cb00000, 0x000000008cb00000| Complete 
| 184|0x000000008cc00000, 0x000000008cd00000, 0x000000008cd00000|100%| E|CS|TAMS 0x000000008cc00000, 0x000000008cc00000| Complete 
| 185|0x000000008cd00000, 0x000000008ce00000, 0x000000008ce00000|100%| E|CS|TAMS 0x000000008cd00000, 0x000000008cd00000| Complete 
| 186|0x000000008ce00000, 0x000000008cf00000, 0x000000008cf00000|100%| E|CS|TAMS 0x000000008ce00000, 0x000000008ce00000| Complete 
| 187|0x000000008cf00000, 0x000000008d000000, 0x000000008d000000|100%| E|CS|TAMS 0x000000008cf00000, 0x000000008cf00000| Complete 
| 188|0x000000008d000000, 0x000000008d100000, 0x000000008d100000|100%| E|CS|TAMS 0x000000008d000000, 0x000000008d000000| Complete 
| 189|0x000000008d100000, 0x000000008d200000, 0x000000008d200000|100%| E|CS|TAMS 0x000000008d100000, 0x000000008d100000| Complete 

Card table byte_map: [0x000001f5e1720000,0x000001f5e1b20000] _byte_map_base: 0x000001f5e1316000

Marking Bits (Prev, Next): (CMBitMap*) 0x000001f5cee21b70, (CMBitMap*) 0x000001f5cee21bb0
 Prev Bits: [0x000001f5e1f20000, 0x000001f5e3ed0000)
 Next Bits: [0x000001f5e3ed0000, 0x000001f5e5e80000)

Polling page: 0x000001f5ccc80000

Metaspace:

Usage:
  Non-class:     83.15 MB used.
      Class:     12.53 MB used.
       Both:     95.68 MB used.

Virtual space:
  Non-class space:       88.00 MB reserved,      83.50 MB ( 95%) committed,  11 nodes.
      Class space:        1.00 GB reserved,      12.88 MB (  1%) committed,  1 nodes.
              Both:        1.09 GB reserved,      96.38 MB (  9%) committed. 

Chunk freelists:
   Non-Class:  3.66 MB
       Class:  3.05 MB
        Both:  6.70 MB

MaxMetaspaceSize: 17179869184.00 GB
CompressedClassSpaceSize: 1.00 GB
 - commit_granule_bytes: 65536.
 - commit_granule_words: 8192.
 - virtual_space_node_default_size: 1048576.
 - enlarge_chunks_in_place: 1.
 - new_chunks_are_fully_committed: 0.
 - uncommit_free_chunks: 1.
 - use_allocation_guard: 0.
 - handle_deallocations: 1.


Internal statistics:

num_allocs_failed_limit: 15.
num_arena_births: 1064.
num_arena_deaths: 0.
num_vsnodes_births: 12.
num_vsnodes_deaths: 0.
num_space_committed: 1542.
num_space_uncommitted: 0.
num_chunks_returned_to_freelist: 15.
num_chunks_taken_from_freelist: 4379.
num_chunk_merges: 15.
num_chunk_splits: 2971.
num_chunks_enlarged: 2149.
num_purges: 0.

CodeHeap 'non-profiled nmethods': size=238912Kb used=19338Kb max_used=19338Kb free=219573Kb
 bounds [0x000001f5d29d0000, 0x000001f5d3cc0000, 0x000001f5e1320000]
CodeHeap 'non-nmethods': size=6848Kb used=1485Kb max_used=1485Kb free=5362Kb
 bounds [0x000001f5d2320000, 0x000001f5d2590000, 0x000001f5d29d0000]
 total_blobs=11633 nmethods=10873 adapters=686
 compilation: enabled
              stopped_count=0, restarted_count=0
 full_count=0

Compilation events (20 events):
Event: 155.814 Thread 0x000001f5e8c383d0 10864       1       java.util.concurrent.locks.ReentrantReadWriteLock$NonfairSync::readerShouldBlock (5 bytes)
Event: 155.814 Thread 0x000001f5e8c383d0 nmethod 10864 0x000001f5d3cafd90 code [0x000001f5d3caff20, 0x000001f5d3cb0008]
Event: 155.814 Thread 0x000001f5e8c383d0 10865       1       java.util.concurrent.locks.AbstractQueuedSynchronizer::apparentlyFirstQueuedIsExclusive (38 bytes)
Event: 155.814 Thread 0x000001f5e8c383d0 nmethod 10865 0x000001f5d3cb0090 code [0x000001f5d3cb0220, 0x000001f5d3cb0378]
Event: 155.814 Thread 0x000001f5e8c383d0 10866       1       org.apache.catalina.LifecycleState::isAvailable (5 bytes)
Event: 155.814 Thread 0x000001f5e8c383d0 nmethod 10866 0x000001f5d3cb0410 code [0x000001f5d3cb05a0, 0x000001f5d3cb0678]
Event: 160.325 Thread 0x000001f5e8c383d0 10867       1       org.apache.logging.log4j.core.impl.ThrowableProxyHelper$CacheEntry::access$100 (5 bytes)
Event: 160.325 Thread 0x000001f5e8c383d0 nmethod 10867 0x000001f5d3cb0710 code [0x000001f5d3cb08a0, 0x000001f5d3cb0958]
Event: 160.325 Thread 0x000001f5e8c383d0 10868       1       java.lang.StackTraceElement::getMethodName (5 bytes)
Event: 160.325 Thread 0x000001f5e8c383d0 nmethod 10868 0x000001f5d3cb0a10 code [0x000001f5d3cb0ba0, 0x000001f5d3cb0c78]
Event: 168.950 Thread 0x000001f5e8c383d0 10869       1       java.util.concurrent.locks.AbstractQueuedSynchronizer$Node::setPrevRelaxed (12 bytes)
Event: 168.950 Thread 0x000001f5e8c383d0 nmethod 10869 0x000001f5d3cb0d10 code [0x000001f5d3cb0ea0, 0x000001f5d3cb0fb8]
Event: 171.950 Thread 0x000001f5e8c383d0 10870       1       java.util.concurrent.locks.AbstractQueuedSynchronizer::casTail (13 bytes)
Event: 171.950 Thread 0x000001f5e8c383d0 nmethod 10870 0x000001f5d3cb1010 code [0x000001f5d3cb11a0, 0x000001f5d3cb12d8]
Event: 175.815 Thread 0x000001f5e8c383d0 10871       1       org.apache.catalina.valves.ValveBase::getNext (5 bytes)
Event: 175.815 Thread 0x000001f5e8c383d0 nmethod 10871 0x000001f5d3cb1390 code [0x000001f5d3cb1520, 0x000001f5d3cb15f8]
Event: 181.332 Thread 0x000001f5e8c383d0 10872       1       java.nio.ByteBuffer::put (124 bytes)
Event: 181.334 Thread 0x000001f5e8c383d0 nmethod 10872 0x000001f5d3cb1690 code [0x000001f5d3cb18c0, 0x000001f5d3cb1ce8]
Event: 181.334 Thread 0x000001f5e8c383d0 10873   !   1       java.nio.ByteBuffer::putBuffer (142 bytes)
Event: 181.335 Thread 0x000001f5e8c383d0 nmethod 10873 0x000001f5d3cb1f90 code [0x000001f5d3cb21c0, 0x000001f5d3cb2758]

GC Heap History (20 events):
Event: 7.767 GC heap before
{Heap before GC invocations=29 (full 0):
 garbage-first heap   total 108544K, used 89425K [0x0000000081400000, 0x0000000100000000)
  region size 1024K, 56 young (57344K), 7 survivors (7168K)
 Metaspace       used 75478K, committed 75968K, reserved 1122304K
  class space    used 9645K, committed 9856K, reserved 1048576K
}
Event: 7.773 GC heap after
{Heap after GC invocations=30 (full 0):
 garbage-first heap   total 134144K, used 40984K [0x0000000081400000, 0x0000000100000000)
  region size 1024K, 5 young (5120K), 5 survivors (5120K)
 Metaspace       used 75478K, committed 75968K, reserved 1122304K
  class space    used 9645K, committed 9856K, reserved 1048576K
}
Event: 8.978 GC heap before
{Heap before GC invocations=30 (full 0):
 garbage-first heap   total 134144K, used 107544K [0x0000000081400000, 0x0000000100000000)
  region size 1024K, 70 young (71680K), 5 survivors (5120K)
 Metaspace       used 79097K, committed 79552K, reserved 1122304K
  class space    used 10263K, committed 10496K, reserved 1048576K
}
Event: 8.982 GC heap after
{Heap after GC invocations=31 (full 0):
 garbage-first heap   total 134144K, used 41487K [0x0000000081400000, 0x0000000100000000)
  region size 1024K, 6 young (6144K), 6 survivors (6144K)
 Metaspace       used 79097K, committed 79552K, reserved 1122304K
  class space    used 10263K, committed 10496K, reserved 1048576K
}
Event: 9.444 GC heap before
{Heap before GC invocations=31 (full 0):
 garbage-first heap   total 134144K, used 109071K [0x0000000081400000, 0x0000000100000000)
  region size 1024K, 72 young (73728K), 6 survivors (6144K)
 Metaspace       used 82526K, committed 83072K, reserved 1122304K
  class space    used 10680K, committed 10944K, reserved 1048576K
}
Event: 9.451 GC heap after
{Heap after GC invocations=32 (full 0):
 garbage-first heap   total 134144K, used 44593K [0x0000000081400000, 0x0000000100000000)
  region size 1024K, 6 young (6144K), 6 survivors (6144K)
 Metaspace       used 82526K, committed 83072K, reserved 1122304K
  class space    used 10680K, committed 10944K, reserved 1048576K
}
Event: 9.873 GC heap before
{Heap before GC invocations=32 (full 0):
 garbage-first heap   total 134144K, used 110129K [0x0000000081400000, 0x0000000100000000)
  region size 1024K, 70 young (71680K), 6 survivors (6144K)
 Metaspace       used 84184K, committed 84736K, reserved 1130496K
  class space    used 10870K, committed 11136K, reserved 1048576K
}
Event: 9.880 GC heap after
{Heap after GC invocations=33 (full 0):
 garbage-first heap   total 134144K, used 46893K [0x0000000081400000, 0x0000000100000000)
  region size 1024K, 7 young (7168K), 7 survivors (7168K)
 Metaspace       used 84184K, committed 84736K, reserved 1130496K
  class space    used 10870K, committed 11136K, reserved 1048576K
}
Event: 10.295 GC heap before
{Heap before GC invocations=33 (full 0):
 garbage-first heap   total 134144K, used 110381K [0x0000000081400000, 0x0000000100000000)
  region size 1024K, 69 young (70656K), 7 survivors (7168K)
 Metaspace       used 84977K, committed 85504K, reserved 1130496K
  class space    used 10989K, committed 11264K, reserved 1048576K
}
Event: 10.303 GC heap after
{Heap after GC invocations=34 (full 0):
 garbage-first heap   total 134144K, used 49244K [0x0000000081400000, 0x0000000100000000)
  region size 1024K, 5 young (5120K), 5 survivors (5120K)
 Metaspace       used 84977K, committed 85504K, reserved 1130496K
  class space    used 10989K, committed 11264K, reserved 1048576K
}
Event: 10.739 GC heap before
{Heap before GC invocations=34 (full 0):
 garbage-first heap   total 134144K, used 110684K [0x0000000081400000, 0x0000000100000000)
  region size 1024K, 65 young (66560K), 5 survivors (5120K)
 Metaspace       used 86387K, committed 86976K, reserved 1130496K
  class space    used 11179K, committed 11456K, reserved 1048576K
}
Event: 10.745 GC heap after
{Heap after GC invocations=35 (full 0):
 garbage-first heap   total 161792K, used 50609K [0x0000000081400000, 0x0000000100000000)
  region size 1024K, 7 young (7168K), 7 survivors (7168K)
 Metaspace       used 86387K, committed 86976K, reserved 1130496K
  class space    used 11179K, committed 11456K, reserved 1048576K
}
Event: 11.333 GC heap before
{Heap before GC invocations=35 (full 0):
 garbage-first heap   total 161792K, used 134577K [0x0000000081400000, 0x0000000100000000)
  region size 1024K, 89 young (91136K), 7 survivors (7168K)
 Metaspace       used 87629K, committed 88192K, reserved 1130496K
  class space    used 11343K, committed 11648K, reserved 1048576K
}
Event: 11.341 GC heap after
{Heap after GC invocations=36 (full 0):
 garbage-first heap   total 161792K, used 52701K [0x0000000081400000, 0x0000000100000000)
  region size 1024K, 9 young (9216K), 9 survivors (9216K)
 Metaspace       used 87629K, committed 88192K, reserved 1130496K
  class space    used 11343K, committed 11648K, reserved 1048576K
}
Event: 11.800 GC heap before
{Heap before GC invocations=36 (full 0):
 garbage-first heap   total 161792K, used 134621K [0x0000000081400000, 0x0000000100000000)
  region size 1024K, 89 young (91136K), 9 survivors (9216K)
 Metaspace       used 89364K, committed 89984K, reserved 1130496K
  class space    used 11606K, committed 11904K, reserved 1048576K
}
Event: 11.811 GC heap after
{Heap after GC invocations=37 (full 0):
 garbage-first heap   total 161792K, used 56204K [0x0000000081400000, 0x0000000100000000)
  region size 1024K, 10 young (10240K), 10 survivors (10240K)
 Metaspace       used 89364K, committed 89984K, reserved 1130496K
  class space    used 11606K, committed 11904K, reserved 1048576K
}
Event: 12.326 GC heap before
{Heap before GC invocations=37 (full 0):
 garbage-first heap   total 161792K, used 134028K [0x0000000081400000, 0x0000000100000000)
  region size 1024K, 86 young (88064K), 10 survivors (10240K)
 Metaspace       used 90665K, committed 91200K, reserved 1130496K
  class space    used 11798K, committed 12032K, reserved 1048576K
}
Event: 12.336 GC heap after
{Heap after GC invocations=38 (full 0):
 garbage-first heap   total 161792K, used 58601K [0x0000000081400000, 0x0000000100000000)
  region size 1024K, 7 young (7168K), 7 survivors (7168K)
 Metaspace       used 90665K, committed 91200K, reserved 1130496K
  class space    used 11798K, committed 12032K, reserved 1048576K
}
Event: 12.898 GC heap before
{Heap before GC invocations=38 (full 0):
 garbage-first heap   total 161792K, used 135401K [0x0000000081400000, 0x0000000100000000)
  region size 1024K, 82 young (83968K), 7 survivors (7168K)
 Metaspace       used 92548K, committed 93184K, reserved 1130496K
  class space    used 12095K, committed 12416K, reserved 1048576K
}
Event: 12.908 GC heap after
{Heap after GC invocations=39 (full 0):
 garbage-first heap   total 194560K, used 62261K [0x0000000081400000, 0x0000000100000000)
  region size 1024K, 7 young (7168K), 7 survivors (7168K)
 Metaspace       used 92548K, committed 93184K, reserved 1130496K
  class space    used 12095K, committed 12416K, reserved 1048576K
}

Deoptimization events (20 events):
Event: 22.126 Thread 0x000001f5ed412ad0 DEOPT PACKING pc=0x000001f5d2c1d4f4 sp=0x000000d7e0ff84a0
Event: 22.126 Thread 0x000001f5ed412ad0 DEOPT UNPACKING pc=0x000001f5d236dece sp=0x000000d7e0ff7990 mode 1
Event: 22.127 Thread 0x000001f5ed412ad0 DEOPT PACKING pc=0x000001f5d2bb115c sp=0x000000d7e0ff79b0
Event: 22.127 Thread 0x000001f5ed412ad0 DEOPT UNPACKING pc=0x000001f5d236dece sp=0x000000d7e0ff6e48 mode 1
Event: 22.127 Thread 0x000001f5ed412ad0 DEOPT PACKING pc=0x000001f5d2b92b9c sp=0x000000d7e0ff7a80
Event: 22.127 Thread 0x000001f5ed412ad0 DEOPT UNPACKING pc=0x000001f5d236dece sp=0x000000d7e0ff6f38 mode 1
Event: 22.127 Thread 0x000001f5ed412ad0 DEOPT PACKING pc=0x000001f5d2c1d4f4 sp=0x000000d7e0ff84a0
Event: 22.127 Thread 0x000001f5ed412ad0 DEOPT UNPACKING pc=0x000001f5d236dece sp=0x000000d7e0ff7990 mode 1
Event: 22.139 Thread 0x000001f5ed412ad0 DEOPT PACKING pc=0x000001f5d2bb115c sp=0x000000d7e0ff9a90
Event: 22.139 Thread 0x000001f5ed412ad0 DEOPT UNPACKING pc=0x000001f5d236dece sp=0x000000d7e0ff8f28 mode 1
Event: 22.139 Thread 0x000001f5ed412ad0 DEOPT PACKING pc=0x000001f5d2b92b9c sp=0x000000d7e0ff9b60
Event: 22.139 Thread 0x000001f5ed412ad0 DEOPT UNPACKING pc=0x000001f5d236dece sp=0x000000d7e0ff9018 mode 1
Event: 22.139 Thread 0x000001f5ed412ad0 DEOPT PACKING pc=0x000001f5d2c1d4f4 sp=0x000000d7e0ffa580
Event: 22.139 Thread 0x000001f5ed412ad0 DEOPT UNPACKING pc=0x000001f5d236dece sp=0x000000d7e0ff9a70 mode 1
Event: 22.139 Thread 0x000001f5ed412ad0 DEOPT PACKING pc=0x000001f5d2bb115c sp=0x000000d7e0ff9a90
Event: 22.139 Thread 0x000001f5ed412ad0 DEOPT UNPACKING pc=0x000001f5d236dece sp=0x000000d7e0ff8f28 mode 1
Event: 22.139 Thread 0x000001f5ed412ad0 DEOPT PACKING pc=0x000001f5d2b92b9c sp=0x000000d7e0ff9b60
Event: 22.139 Thread 0x000001f5ed412ad0 DEOPT UNPACKING pc=0x000001f5d236dece sp=0x000000d7e0ff9018 mode 1
Event: 22.139 Thread 0x000001f5ed412ad0 DEOPT PACKING pc=0x000001f5d2c1d4f4 sp=0x000000d7e0ffa580
Event: 22.139 Thread 0x000001f5ed412ad0 DEOPT UNPACKING pc=0x000001f5d236dece sp=0x000000d7e0ff9a70 mode 1

Classes unloaded (0 events):
No events

Classes redefined (3 events):
Event: 42.069 Thread 0x000001f5e8391eb0 redefined class name=com.itl.aspect.PointcutDefinition, count=1
Event: 101.095 Thread 0x000001f5e8391eb0 redefined class name=com.itl.aspect.PointcutDefinition, count=2
Event: 183.215 Thread 0x000001f5e8391eb0 redefined class name=com.itl.aspect.PointcutDefinition, count=3

Internal exceptions (20 events):
Event: 13.579 Thread 0x000001f5eb0983e0 Exception <a 'java/lang/ClassNotFoundException'{0x000000008b2fdf08}: org/springframework/boot/actuate/endpoint/jmx/EndpointMBean> (0x000000008b2fdf08) 
thrown [t:\workspace\open\src\hotspot\share\classfile\systemDictionary.cpp, line 256]
Event: 13.579 Thread 0x000001f5eb0983e0 Exception <a 'java/lang/ClassNotFoundException'{0x000000008b2fe2c8}: org/springframework/boot/actuate/endpoint/jmx/DataEndpointMBean> (0x000000008b2fe2c8) 
thrown [t:\workspace\open\src\hotspot\share\classfile\systemDictionary.cpp, line 256]
Event: 13.579 Thread 0x000001f5eb0983e0 Exception <a 'java/lang/ClassNotFoundException'{0x000000008b2fe918}: org/springframework/context/support/LiveBeansView> (0x000000008b2fe918) 
thrown [t:\workspace\open\src\hotspot\share\classfile\systemDictionary.cpp, line 256]
Event: 15.945 Thread 0x000001f5ed412ad0 Exception <a 'java/lang/NoSuchMethodError'{0x000000008a3205b8}: 'org.slf4j.impl.StaticMDCBinder org.slf4j.impl.StaticMDCBinder.getSingleton()'> (0x000000008a3205b8) 
thrown [t:\workspace\open\src\hotspot\share\interpreter\linkResolver.cpp, line 790]
Event: 34.270 Thread 0x000001f5cede3a30 Exception <a 'java/net/ConnectException'{0x000000008b387a18}: Connection timed out: no further information> (0x000000008b387a18) 
thrown [t:\workspace\open\src\hotspot\share\prims\jni.cpp, line 600]
Event: 34.270 Thread 0x000001f5cede3a30 Exception <a 'java/net/SocketException'{0x000000008b387d50}: Socket is not connected: shutdown> (0x000000008b387d50) 
thrown [t:\workspace\open\src\hotspot\share\prims\jni.cpp, line 600]
Event: 55.281 Thread 0x000001f5ed40e5c0 Exception <a 'java/net/ConnectException'{0x00000000888afc30}: Connection timed out: no further information> (0x00000000888afc30) 
thrown [t:\workspace\open\src\hotspot\share\prims\jni.cpp, line 600]
Event: 55.281 Thread 0x000001f5ed40e5c0 Exception <a 'java/net/SocketException'{0x00000000888aff68}: Socket is not connected: shutdown> (0x00000000888aff68) 
thrown [t:\workspace\open\src\hotspot\share\prims\jni.cpp, line 600]
Event: 76.312 Thread 0x000001f5ed40fb00 Exception <a 'java/net/ConnectException'{0x0000000088645f38}: Connection timed out: no further information> (0x0000000088645f38) 
thrown [t:\workspace\open\src\hotspot\share\prims\jni.cpp, line 600]
Event: 76.312 Thread 0x000001f5ed40fb00 Exception <a 'java/net/SocketException'{0x0000000088646270}: Socket is not connected: shutdown> (0x0000000088646270) 
thrown [t:\workspace\open\src\hotspot\share\prims\jni.cpp, line 600]
Event: 97.313 Thread 0x000001f5ed40e5c0 Exception <a 'java/net/ConnectException'{0x000000008862e548}: Connection timed out: no further information> (0x000000008862e548) 
thrown [t:\workspace\open\src\hotspot\share\prims\jni.cpp, line 600]
Event: 97.313 Thread 0x000001f5ed40e5c0 Exception <a 'java/net/SocketException'{0x000000008862e880}: Socket is not connected: shutdown> (0x000000008862e880) 
thrown [t:\workspace\open\src\hotspot\share\prims\jni.cpp, line 600]
Event: 118.314 Thread 0x000001f5ed40e070 Exception <a 'java/net/ConnectException'{0x000000008850e098}: Connection timed out: no further information> (0x000000008850e098) 
thrown [t:\workspace\open\src\hotspot\share\prims\jni.cpp, line 600]
Event: 118.315 Thread 0x000001f5ed40e070 Exception <a 'java/net/SocketException'{0x000000008850e3d0}: Socket is not connected: shutdown> (0x000000008850e3d0) 
thrown [t:\workspace\open\src\hotspot\share\prims\jni.cpp, line 600]
Event: 139.319 Thread 0x000001f5ed40fb00 Exception <a 'java/net/ConnectException'{0x000000008864d480}: Connection timed out: no further information> (0x000000008864d480) 
thrown [t:\workspace\open\src\hotspot\share\prims\jni.cpp, line 600]
Event: 139.319 Thread 0x000001f5ed40fb00 Exception <a 'java/net/SocketException'{0x000000008864d7b8}: Socket is not connected: shutdown> (0x000000008864d7b8) 
thrown [t:\workspace\open\src\hotspot\share\prims\jni.cpp, line 600]
Event: 160.323 Thread 0x000001f5ed411590 Exception <a 'java/net/ConnectException'{0x0000000088482990}: Connection timed out: no further information> (0x0000000088482990) 
thrown [t:\workspace\open\src\hotspot\share\prims\jni.cpp, line 600]
Event: 160.323 Thread 0x000001f5ed411590 Exception <a 'java/net/SocketException'{0x0000000088482cc8}: Socket is not connected: shutdown> (0x0000000088482cc8) 
thrown [t:\workspace\open\src\hotspot\share\prims\jni.cpp, line 600]
Event: 181.331 Thread 0x000001f5ed40e070 Exception <a 'java/net/ConnectException'{0x00000000885155e0}: Connection timed out: no further information> (0x00000000885155e0) 
thrown [t:\workspace\open\src\hotspot\share\prims\jni.cpp, line 600]
Event: 181.331 Thread 0x000001f5ed40e070 Exception <a 'java/net/SocketException'{0x0000000088515918}: Socket is not connected: shutdown> (0x0000000088515918) 
thrown [t:\workspace\open\src\hotspot\share\prims\jni.cpp, line 600]

Events (20 events):
Event: 180.081 Executing  VM operation: get/set locals done
Event: 180.084 Executing  VM operation: get/set locals
Event: 180.084 Executing  VM operation: get/set locals done
Event: 180.084 Executing  VM operation: get/set locals
Event: 180.084 Executing  VM operation: get/set locals done
Event: 180.092 Executing  VM operation: get/set locals
Event: 180.092 Executing  VM operation: get/set locals done
Event: 180.093 Executing  VM operation: get/set locals
Event: 180.093 Executing  VM operation: get/set locals done
Event: 183.202 Executing  VM operation: RedefineClasses
Event: 183.240 Executing  VM operation: RedefineClasses done
Event: 183.259 Executing  VM operation: ChangeBreakpoints
Event: 183.264 Executing  VM operation: ChangeBreakpoints done
Event: 183.285 Executing  VM operation: ChangeBreakpoints
Event: 183.289 Executing  VM operation: ChangeBreakpoints done
Event: 183.308 Executing  VM operation: ChangeBreakpoints
Event: 183.312 Executing  VM operation: ChangeBreakpoints done
Event: 183.331 Executing  VM operation: ChangeBreakpoints
Event: 183.336 Executing  VM operation: ChangeBreakpoints done
Event: 183.394 Executing  VM operation: get/set locals


Dynamic libraries:
0x00007ff681790000 - 0x00007ff68179e000 	D:\Softwares\sts-4.12.0.RELEASE\plugins\org.eclipse.justj.openjdk.hotspot.jre.full.win32.x86_64_16.0.2.v20210721-1149\jre\bin\javaw.exe
0x00007ffb4eba0000 - 0x00007ffb4ed90000 	C:\Windows\SYSTEM32\ntdll.dll
0x00007ffb4ea70000 - 0x00007ffb4eb22000 	C:\Windows\System32\KERNEL32.DLL
0x00007ffb4c610000 - 0x00007ffb4c8b5000 	C:\Windows\System32\KERNELBASE.dll
0x00007ffb4c320000 - 0x00007ffb4c41a000 	C:\Windows\System32\ucrtbase.dll
0x00007ffb44eb0000 - 0x00007ffb44ec8000 	D:\Softwares\sts-4.12.0.RELEASE\plugins\org.eclipse.justj.openjdk.hotspot.jre.full.win32.x86_64_16.0.2.v20210721-1149\jre\bin\jli.dll
0x00007ffb22f90000 - 0x00007ffb22fa9000 	D:\Softwares\sts-4.12.0.RELEASE\plugins\org.eclipse.justj.openjdk.hotspot.jre.full.win32.x86_64_16.0.2.v20210721-1149\jre\bin\VCRUNTIME140.dll
0x00007ffb4e0f0000 - 0x00007ffb4e284000 	C:\Windows\System32\USER32.dll
0x00007ffb4c5e0000 - 0x00007ffb4c601000 	C:\Windows\System32\win32u.dll
0x00007ffb3c6a0000 - 0x00007ffb3c924000 	C:\Windows\WinSxS\amd64_microsoft.windows.common-controls_6595b64144ccf1df_6.0.18362.1256_none_9e7e379be45e40e2\COMCTL32.dll
0x00007ffb4dff0000 - 0x00007ffb4e016000 	C:\Windows\System32\GDI32.dll
0x00007ffb4e9d0000 - 0x00007ffb4ea6e000 	C:\Windows\System32\msvcrt.dll
0x00007ffb4c420000 - 0x00007ffb4c5b6000 	C:\Windows\System32\gdi32full.dll
0x00007ffb4e460000 - 0x00007ffb4e796000 	C:\Windows\System32\combase.dll
0x00007ffb4c8c0000 - 0x00007ffb4c95e000 	C:\Windows\System32\msvcp_win.dll
0x00007ffb4de80000 - 0x00007ffb4dfa0000 	C:\Windows\System32\RPCRT4.dll
0x00007ffb4c990000 - 0x00007ffb4ca11000 	C:\Windows\System32\bcryptPrimitives.dll
0x00007ffb4dfc0000 - 0x00007ffb4dfee000 	C:\Windows\System32\IMM32.DLL
0x00007ffb44ea0000 - 0x00007ffb44eac000 	D:\Softwares\sts-4.12.0.RELEASE\plugins\org.eclipse.justj.openjdk.hotspot.jre.full.win32.x86_64_16.0.2.v20210721-1149\jre\bin\vcruntime140_1.dll
0x00007ffb17450000 - 0x00007ffb174e1000 	D:\Softwares\sts-4.12.0.RELEASE\plugins\org.eclipse.justj.openjdk.hotspot.jre.full.win32.x86_64_16.0.2.v20210721-1149\jre\bin\msvcp140.dll
0x00007ffb05670000 - 0x00007ffb0621b000 	D:\Softwares\sts-4.12.0.RELEASE\plugins\org.eclipse.justj.openjdk.hotspot.jre.full.win32.x86_64_16.0.2.v20210721-1149\jre\bin\server\jvm.dll
0x00007ffb4d1b0000 - 0x00007ffb4d253000 	C:\Windows\System32\ADVAPI32.dll
0x00007ffb4cc20000 - 0x00007ffb4ccb7000 	C:\Windows\System32\sechost.dll
0x00007ffb4e3e0000 - 0x00007ffb4e3e8000 	C:\Windows\System32\PSAPI.DLL
0x00007ffb49ac0000 - 0x00007ffb49ae4000 	C:\Windows\SYSTEM32\WINMM.dll
0x00007ffb43150000 - 0x00007ffb4315a000 	C:\Windows\SYSTEM32\VERSION.dll
0x00007ffb27540000 - 0x00007ffb27549000 	C:\Windows\SYSTEM32\WSOCK32.dll
0x00007ffb4e080000 - 0x00007ffb4e0ef000 	C:\Windows\System32\WS2_32.dll
0x00007ffb49a90000 - 0x00007ffb49abd000 	C:\Windows\SYSTEM32\WINMMBASE.dll
0x00007ffb4cb70000 - 0x00007ffb4cbba000 	C:\Windows\System32\cfgmgr32.dll
0x00007ffb4ba20000 - 0x00007ffb4ba31000 	C:\Windows\System32\kernel.appcore.dll
0x00007ffb22d70000 - 0x00007ffb22d7a000 	D:\Softwares\sts-4.12.0.RELEASE\plugins\org.eclipse.justj.openjdk.hotspot.jre.full.win32.x86_64_16.0.2.v20210721-1149\jre\bin\jimage.dll
0x00007ffb408d0000 - 0x00007ffb40ac4000 	C:\Windows\SYSTEM32\DBGHELP.DLL
0x00007ffb407c0000 - 0x00007ffb407ea000 	C:\Windows\SYSTEM32\dbgcore.DLL
0x00007ffb40fd0000 - 0x00007ffb4100b000 	D:\Softwares\sts-4.12.0.RELEASE\plugins\org.eclipse.justj.openjdk.hotspot.jre.full.win32.x86_64_16.0.2.v20210721-1149\jre\bin\jdwp.dll
0x00007ffb48250000 - 0x00007ffb4825e000 	D:\Softwares\sts-4.12.0.RELEASE\plugins\org.eclipse.justj.openjdk.hotspot.jre.full.win32.x86_64_16.0.2.v20210721-1149\jre\bin\instrument.dll
0x00007ffb22410000 - 0x00007ffb22435000 	D:\Softwares\sts-4.12.0.RELEASE\plugins\org.eclipse.justj.openjdk.hotspot.jre.full.win32.x86_64_16.0.2.v20210721-1149\jre\bin\java.dll
0x00007ffb22bf0000 - 0x00007ffb22c08000 	D:\Softwares\sts-4.12.0.RELEASE\plugins\org.eclipse.justj.openjdk.hotspot.jre.full.win32.x86_64_16.0.2.v20210721-1149\jre\bin\zip.dll
0x00007ffb4d260000 - 0x00007ffb4d947000 	C:\Windows\System32\SHELL32.dll
0x00007ffb4ccc0000 - 0x00007ffb4cd69000 	C:\Windows\System32\shcore.dll
0x00007ffb4bb90000 - 0x00007ffb4c311000 	C:\Windows\System32\windows.storage.dll
0x00007ffb4ba40000 - 0x00007ffb4ba63000 	C:\Windows\System32\profapi.dll
0x00007ffb4ba70000 - 0x00007ffb4baba000 	C:\Windows\System32\powrprof.dll
0x00007ffb4ba10000 - 0x00007ffb4ba20000 	C:\Windows\System32\UMPDC.dll
0x00007ffb4e020000 - 0x00007ffb4e072000 	C:\Windows\System32\shlwapi.dll
0x00007ffb4c5c0000 - 0x00007ffb4c5d7000 	C:\Windows\System32\cryptsp.dll
0x00007ffb44f00000 - 0x00007ffb44f0c000 	D:\Softwares\sts-4.12.0.RELEASE\plugins\org.eclipse.justj.openjdk.hotspot.jre.full.win32.x86_64_16.0.2.v20210721-1149\jre\bin\dt_socket.dll
0x00007ffb4af30000 - 0x00007ffb4af6a000 	C:\Windows\SYSTEM32\IPHLPAPI.DLL
0x00007ffb4b210000 - 0x00007ffb4b277000 	C:\Windows\system32\mswsock.dll
0x00007ffb4af80000 - 0x00007ffb4b04b000 	C:\Windows\SYSTEM32\DNSAPI.dll
0x00007ffb4e290000 - 0x00007ffb4e298000 	C:\Windows\System32\NSI.dll
0x00007ffb42fe0000 - 0x00007ffb42fea000 	C:\Windows\System32\rasadhlp.dll
0x00007ffb46220000 - 0x00007ffb46297000 	C:\Windows\System32\fwpuclnt.dll
0x00007ffb4c960000 - 0x00007ffb4c986000 	C:\Windows\System32\bcrypt.dll
0x00007ffb235f0000 - 0x00007ffb23609000 	D:\Softwares\sts-4.12.0.RELEASE\plugins\org.eclipse.justj.openjdk.hotspot.jre.full.win32.x86_64_16.0.2.v20210721-1149\jre\bin\net.dll
0x00007ffb43060000 - 0x00007ffb43150000 	C:\Windows\SYSTEM32\WINHTTP.dll
0x00007ffb235d0000 - 0x00007ffb235e3000 	D:\Softwares\sts-4.12.0.RELEASE\plugins\org.eclipse.justj.openjdk.hotspot.jre.full.win32.x86_64_16.0.2.v20210721-1149\jre\bin\nio.dll
0x00007ffb22f80000 - 0x00007ffb22f89000 	D:\Softwares\sts-4.12.0.RELEASE\plugins\org.eclipse.justj.openjdk.hotspot.jre.full.win32.x86_64_16.0.2.v20210721-1149\jre\bin\management.dll
0x00007ffb22f70000 - 0x00007ffb22f7b000 	D:\Softwares\sts-4.12.0.RELEASE\plugins\org.eclipse.justj.openjdk.hotspot.jre.full.win32.x86_64_16.0.2.v20210721-1149\jre\bin\management_ext.dll
0x00007ffb3fed0000 - 0x00007ffb3fee6000 	C:\Windows\system32\napinsp.dll
0x00007ffb3feb0000 - 0x00007ffb3feca000 	C:\Windows\system32\pnrpnsp.dll
0x00007ffb3fe40000 - 0x00007ffb3fe4e000 	C:\Windows\System32\winrnr.dll
0x00007ffb48210000 - 0x00007ffb4822c000 	C:\Windows\system32\NLAapi.dll
0x00007ffb3fe10000 - 0x00007ffb3fe25000 	C:\Windows\system32\wshbth.dll
0x00007ffb4ad90000 - 0x00007ffb4adc3000 	C:\Windows\system32\rsaenh.dll
0x00007ffb4b8f0000 - 0x00007ffb4b915000 	C:\Windows\SYSTEM32\USERENV.dll
0x00007ffb4b390000 - 0x00007ffb4b39c000 	C:\Windows\SYSTEM32\CRYPTBASE.dll
0x00007ffb46200000 - 0x00007ffb46216000 	C:\Windows\SYSTEM32\dhcpcsvc6.DLL
0x00007ffb461e0000 - 0x00007ffb461fc000 	C:\Windows\SYSTEM32\dhcpcsvc.DLL
0x00007ffb1d790000 - 0x00007ffb1d7a0000 	D:\Softwares\sts-4.12.0.RELEASE\plugins\org.eclipse.justj.openjdk.hotspot.jre.full.win32.x86_64_16.0.2.v20210721-1149\jre\bin\verify.dll
0x00007ffb482c0000 - 0x00007ffb482ce000 	D:\Softwares\sts-4.12.0.RELEASE\plugins\org.eclipse.justj.openjdk.hotspot.jre.full.win32.x86_64_16.0.2.v20210721-1149\jre\bin\sunmscapi.dll
0x00007ffb4ca20000 - 0x00007ffb4cb69000 	C:\Windows\System32\CRYPT32.dll
0x00007ffb4bac0000 - 0x00007ffb4bad2000 	C:\Windows\System32\MSASN1.dll
0x00007ffb4b490000 - 0x00007ffb4b4b6000 	C:\Windows\SYSTEM32\ncrypt.dll
0x00007ffb4b450000 - 0x00007ffb4b48b000 	C:\Windows\SYSTEM32\NTASN1.dll
0x00007ffb482a0000 - 0x00007ffb482a7000 	C:\Windows\system32\wshunix.dll

dbghelp: loaded successfully - version: 4.0.5 - missing functions: none
symbol engine: initialized successfully - sym options: 0x614 - pdb path: .;D:\Softwares\sts-4.12.0.RELEASE\plugins\org.eclipse.justj.openjdk.hotspot.jre.full.win32.x86_64_16.0.2.v20210721-1149\jre\bin;C:\Windows\SYSTEM32;C:\Windows\WinSxS\amd64_microsoft.windows.common-controls_6595b64144ccf1df_6.0.18362.1256_none_9e7e379be45e40e2;D:\Softwares\sts-4.12.0.RELEASE\plugins\org.eclipse.justj.openjdk.hotspot.jre.full.win32.x86_64_16.0.2.v20210721-1149\jre\bin\server

VM Arguments:
jvm_args: -XX:+ShowCodeDetailsInExceptionMessages -agentlib:jdwp=transport=dt_socket,suspend=y,address=localhost:62874 -Dcom.sun.management.jmxremote -Dcom.sun.management.jmxremote.port=62873 -Dcom.sun.management.jmxremote.authenticate=false -Dcom.sun.management.jmxremote.ssl=false -Djava.rmi.server.hostname=localhost -Dspring.jmx.enabled=true -Dspring.application.admin.enabled=true -XX:TieredStopAtLevel=1 -Dspring.boot.project.name=customerService -javaagent:D:\Softwares\sts-4.12.0.RELEASE\configuration\org.eclipse.osgi\259\0\.cp\lib\javaagent-shaded.jar -Dfile.encoding=Cp1252 
java_command: com.itl.CSSpringBoot --spring.output.ansi.enabled=always
java_class_path (initial): D:\airoli\project\addedKafkaInCustomerMaster\services\business\customer-service\bin\main;C:\Users\sadma.khan\.gradle\caches\modules-2\files-2.1\org.springframework.cloud\spring-cloud-starter-config\3.0.4\528c404b5396492b5d9d65007d710bec07cc4beb\spring-cloud-starter-config-3.0.4.jar;C:\Users\sadma.khan\.gradle\caches\modules-2\files-2.1\org.springframework.cloud\spring-cloud-starter-bootstrap\3.0.3\75ce3312247ec53f281a3526c817d91818186e5\spring-cloud-starter-bootstrap-3.0.3.jar;C:\Users\sadma.khan\.gradle\caches\modules-2\files-2.1\org.springframework.boot\spring-boot-starter-web\2.5.3\2cb23f2928177eeb9be81036623f4350a86a433\spring-boot-starter-web-2.5.3.jar;C:\Users\sadma.khan\.gradle\caches\modules-2\files-2.1\org.springframework.boot\spring-boot-starter-data-jpa\2.5.3\6e57512b8907710566daf2b246c724de3e38ad14\spring-boot-starter-data-jpa-2.5.3.jar;C:\Users\sadma.khan\.gradle\caches\modules-2\files-2.1\org.hibernate\hibernate-envers\5.5.5.Final\38014aa6dad161ff2fff23e0380f76aa3398c8b1\hibernate-envers-5.5.5.Final.jar;C:\Users\sadma.khan\.gradle\caches\modules-2\files-2.1\net.sf.dozer\dozer\5.5.1\f2e52ef54166788ae29b5b4eec6fdb9cd580acab\dozer-5.5.1.jar;C:\Users\sadma.khan\.gradle\caches\modules-2\files-2.1\org.hibernate\hibernate-core\5.4.32.Final\99a5e10bf455337014c190e141ec631e9ff71663\hibernate-core-5.4.32.Final.jar;C:\Users\sadma.khan\.gradle\caches\modules-2\files-2.1\org.glassfish.jaxb\jaxb-runtime\2.3.2\5528bc882ea499a09d720b42af11785c4fc6be2a\jaxb-runtime-2.3.2.jar;C:\Users\sadma.khan\.gradle\caches\modules-2\files-2.1\org.springframework.boot\spring-boot-starter-test\2.5.3\b3e6075daed4c81d5f1d5fa340debdc3241cc3dc\spring-boot-starter-test-2.5.3.jar;C:\Users\sadma.khan\.gradle\caches\modules-2\files-2.1\org.jvnet.staxex\stax-ex\1.8.1\78011e483a21102fb4858f3e8f269a677e50aa23\stax-ex-1.8.1.jar;C:\Users\sadma.khan\.gradle\caches\modules-2\files-2.1\jakarta.xml.bind\jakarta.xml.bind-api\2.3.2\8d49996a4338670764d7ca4b85a1c4ccf7fe665d\ja
Launcher Type: SUN_STANDARD

[Global flags]
     intx CICompilerCount                          = 3                                         {product} {ergonomic}
     uint ConcGCThreads                            = 1                                         {product} {ergonomic}
     uint G1ConcRefinementThreads                  = 4                                         {product} {ergonomic}
   size_t G1HeapRegionSize                         = 1048576                                   {product} {ergonomic}
    uintx GCDrainStackTargetSize                   = 64                                        {product} {ergonomic}
   size_t InitialHeapSize                          = 134217728                                 {product} {ergonomic}
     bool ManagementServer                         = true                                      {product} {command line}
   size_t MarkStackSize                            = 4194304                                   {product} {ergonomic}
   size_t MaxHeapSize                              = 2126512128                                {product} {ergonomic}
   size_t MaxNewSize                               = 1275068416                                {product} {ergonomic}
   size_t MinHeapDeltaBytes                        = 1048576                                   {product} {ergonomic}
   size_t MinHeapSize                              = 8388608                                   {product} {ergonomic}
    uintx NonNMethodCodeHeapSize                   = 6973028                                {pd product} {ergonomic}
    uintx NonProfiledCodeHeapSize                  = 244685212                              {pd product} {ergonomic}
    uintx ProfiledCodeHeapSize                     = 0                                      {pd product} {ergonomic}
    uintx ReservedCodeCacheSize                    = 251658240                              {pd product} {ergonomic}
     bool SegmentedCodeCache                       = true                                      {product} {ergonomic}
     bool ShowCodeDetailsInExceptionMessages       = true                                   {manageable} {command line}
   size_t SoftMaxHeapSize                          = 2126512128                             {manageable} {ergonomic}
     intx TieredStopAtLevel                        = 1                                         {product} {command line}
     bool UseCompressedClassPointers               = true                           {product lp64_product} {ergonomic}
     bool UseCompressedOops                        = true                           {product lp64_product} {ergonomic}
     bool UseG1GC                                  = true                                      {product} {ergonomic}
     bool UseLargePagesIndividualAllocation        = false                                  {pd product} {ergonomic}

Logging:
Log output configuration:
 #0: stdout all=warning uptime,level,tags
 #1: stderr all=off uptime,level,tags

Environment Variables:
JAVA_HOME=C:\Program Files\Java\jdk1.8.0_201
PATH=D:\Softwares\sts-4.12.0.RELEASE\plugins\org.eclipse.justj.openjdk.hotspot.jre.full.win32.x86_64_16.0.2.v20210721-1149\jre\bin;D:/Softwares/sts-4.12.0.RELEASE//plugins/org.eclipse.justj.openjdk.hotspot.jre.full.win32.x86_64_16.0.2.v20210721-1149/jre/bin/server;D:/Softwares/sts-4.12.0.RELEASE//plugins/org.eclipse.justj.openjdk.hotspot.jre.full.win32.x86_64_16.0.2.v20210721-1149/jre/bin;C:\app\sadma.khan\product\21c\dbhomeXE\bin;D:\Softwares\gradle-7.2-bin\gradle-7.2\bin;C:\Program Files\nodejs\;C:\Program Files\Microsoft VS Code\bin;C:\Program Files\Java\jdk1.8.0_201\bin;C:\Program Files\MongoDB\Server\5.0\bin;C:\Program Files\PuTTY\;D:\Softwares\curl-7.80.0_2-win64-mingw\curl-7.80.0-win64-mingw\bin;C:\Program Files\Git\cmd;D:\Softwares\apache-maven-3.8.4-bin\apache-maven-3.8.4\bin;C:\Program Files\Docker\Docker\resources\bin;C:\ProgramData\DockerDesktop\version-bin;C:\ProgramData\chocolatey\bin;C:\Program Files\Python310;C:\Program Files\Python310\Scripts\pip;C:\Program Files\Microsoft SQL Server\Client SDK\ODBC\170\Tools\Binn\;C:\Program Files (x86)\Microsoft SQL Server\150\Tools\Binn\;C:\Program Files\Microsoft SQL Server\150\Tools\Binn\;C:\Program Files\Microsoft SQL Server\150\DTS\Binn\;C:\Program Files (x86)\Microsoft SQL Server\150\DTS\Binn\;C:\Program Files\Azure Data Studio\bin;C:\Windows\System32\wbem;C:\Users\sadma.khan\AppData\Local\Programs\Python\Python310\Scripts\;C:\Users\sadma.khan\AppData\Local\Programs\Python\Python310\;C:\Users\sadma.khan\AppData\Local\Microsoft\WindowsApps;C:\Users\sadma.khan\AppData\Roaming\npm;C:\Program Files\OpenSSL-Win64\bin;;C:\Program Files\Azure Data Studio\bin;D:\Softwares\sts-4.12.0.RELEASE;
USERNAME=sadma.khan
OS=Windows_NT
PROCESSOR_IDENTIFIER=Intel64 Family 6 Model 60 Stepping 3, GenuineIntel



---------------  S Y S T E M  ---------------

OS:
 Windows 10 , 64 bit Build 18362 (10.0.18362.1110)
OS uptime: 0 days 22:45 hours
Hyper-V role detected

CPU: total 4 (initial active 4) (4 cores per cpu, 1 threads per core) family 6 model 60 stepping 3 microcode 0x25, cx8, cmov, fxsr, mmx, sse, sse2, sse3, ssse3, sse4.1, sse4.2, popcnt, lzcnt, tsc, tscinvbit, avx, avx2, aes, erms, clmul, bmi1, bmi2, fma, vzeroupper, clflush, hv

Memory: 4k page, system-wide physical 8110M (1116M free)
TotalPageFile size 17326M (AvailPageFile size 4216M)
current process WorkingSet (physical memory assigned to process): 398M, peak: 398M
current process commit charge ("private bytes"): 427M, peak: 427M

vm_info: OpenJDK 64-Bit Server VM (16.0.2+7-67) for windows-amd64 JRE (16.0.2+7-67), built on Jun  8 2021 23:21:43 by "mach5one" with MS VC++ 16.7 (VS2019)

END.
